This file contains any messages produced by compilers while
running configure, to aid debugging if configure makes a mistake.

It was created by auctex configure 11.86, which was
generated by GNU Autoconf 2.61.  Invocation command line was

  $ ./configure --with-lispdir=/Users/stevechallis/.emacs.d/el-get/auctex --with-emacs=/Applications/Emacs.app/Contents/MacOS/Emacs

## --------- ##
## Platform. ##
## --------- ##

hostname = Steve-MBP.local
uname -m = i386
uname -r = 10.7.0
uname -s = Darwin
uname -v = Darwin Kernel Version 10.7.0: Sat Jan 29 15:17:16 PST 2011; root:xnu-1504.9.37~1/RELEASE_I386

/usr/bin/uname -p = i386
/bin/uname -X     = unknown

/bin/arch              = unknown
/usr/bin/arch -k       = unknown
/usr/convex/getsysinfo = unknown
/usr/bin/hostinfo      = Mach kernel version:
	 Darwin Kernel Version 10.7.0: Sat Jan 29 15:17:16 PST 2011; root:xnu-1504.9.37~1/RELEASE_I386
Kernel configured for up to 2 processors.
2 processors are physically available.
2 processors are logically available.
Processor type: i486 (Intel 80486)
Processors active: 0 1
Primary memory available: 5.00 gigabytes
Default processor set: 139 tasks, 642 threads, 2 processors
Load average: 2.16, Mach factor: 0.71
/bin/machine           = unknown
/usr/bin/oslevel       = unknown
/bin/universe          = unknown

PATH: ~/.lein/bin/
PATH: /usr/local/bin
PATH: /usr/local/sbin
PATH: /Applications/NetBeans/NetBeans 6.9.1.app/Contents//Resources/NetBeans/java/ant/bin/ant
PATH: /opt/local/bin
PATH: /opt/local/sbin
PATH: /Users/stevechallis/scripts
PATH: /usr/bin
PATH: /bin
PATH: /usr/sbin
PATH: /sbin
PATH: /usr/local/bin
PATH: /usr/local/git/bin
PATH: /usr/texbin
PATH: /usr/X11/bin
PATH: /Users/stevechallis/eev


## ----------- ##
## Core tests. ##
## ----------- ##

configure:1699: checking for make
configure:1715: found /usr/bin/make
configure:1726: result: make
configure:1744: checking whether make sets $(MAKE)
configure:1765: result: yes
configure:1818: checking for a BSD-compatible install
configure:1874: result: /opt/local/bin/ginstall -c
configure:1887: checking for date in ChangeLog
configure:1896: result: 2011-06-19
configure:1898: checking for release in ChangeLog
configure:1904: result: not found, using 2011-06-19 instead
configure:1962: checking for /Applications/Emacs.app/Contents/MacOS/Emacs
configure:1992: result: /Applications/Emacs.app/Contents/MacOS/Emacs
configure:2010: checking if /Applications/Emacs.app/Contents/MacOS/Emacs is XEmacs
/Applications/Emacs.app/Contents/MacOS/Emacs -batch -no-site-file -eval (let* ((x (if (featurep (quote xemacs)) "yes" "no"))) (write-region (if (stringp x) x (prin1-to-string x)) nil "./conftest-43346"))
Wrote /Users/stevechallis/.emacs.d/el-get/auctex/conftest-43346
=> no
configure:2032: result: no
configure:2036: checking for Emacs prefix
/Applications/Emacs.app/Contents/MacOS/Emacs -batch -no-site-file -eval (let* ((cmd(pop command-line-args-left))(x (condition-case nil (let*
    ((prefix (directory-file-name (file-name-directory (executable-find cmd))))
     (parent (directory-file-name (file-name-directory prefix))))
    (if (string= (file-name-nondirectory prefix) "bin")
        (setq prefix parent)
      (if (string= (file-name-nondirectory parent) "bin")
         (setq prefix (directory-file-name (file-name-directory parent)))))
    prefix) (error NONE)))) (write-region (if (stringp x) x (prin1-to-string x)) nil "./conftest-43346")) /Applications/Emacs.app/Contents/MacOS/Emacs
Wrote /Users/stevechallis/.emacs.d/el-get/auctex/conftest-43346
=> /Applications/Emacs.app/Contents/MacOS
configure:2055: result: "/Applications/Emacs.app/Contents/MacOS"
configure:2087: checking if Emacs is recent enough
/Applications/Emacs.app/Contents/MacOS/Emacs -batch -no-site-file -eval (let* ((x (cond ((< emacs-major-version 21) "no")
			 ((> emacs-major-version 21) "yes")
			 ((< emacs-minor-version 01) "no")
			 (t "yes")))) (write-region (if (stringp x) x (prin1-to-string x)) nil "./conftest-43346"))
Wrote /Users/stevechallis/.emacs.d/el-get/auctex/conftest-43346
=> yes
configure:2101: result: yes
configure:2113: checking for MULE support
/Applications/Emacs.app/Contents/MacOS/Emacs -batch -eval (let* ((x (condition-case nil (require 'mule ) 	(error (prog1 nil (message "mule not found")))))) (write-region (if (stringp x) x (prin1-to-string x)) nil "./conftest-43346"))
Wrote /Users/stevechallis/.emacs.d/el-get/auctex/conftest-43346
=> mule
configure:2147: result: yes
configure:2194: checking if build directory is valid
/Applications/Emacs.app/Contents/MacOS/Emacs -batch -eval (let* ((x (if (or (member (directory-file-name default-directory) load-path)	      (member (file-name-as-directory default-directory) load-path))	 "no" "yes"))) (write-region (if (stringp x) x (prin1-to-string x)) nil "./conftest-43346"))
Wrote /Users/stevechallis/.emacs.d/el-get/auctex/conftest-43346
=> yes
configure:2212: result: yes
configure:2302: checking where lisp files go
configure:2377: result: /Users/stevechallis/.emacs.d/el-get/auctex
configure:2381: checking what file to use for auctex startup
configure:2408: result: /Users/stevechallis/.emacs.d/el-get/auctex/auctex.el
configure:2426: checking where the package lisp files go
/Applications/Emacs.app/Contents/MacOS/Emacs -batch -no-site-file -eval (let* ((path(pop command-line-args-left)) (lispdir(pop command-line-args-left)) (startup(pop command-line-args-left)) (target(pop command-line-args-left))(x (progn (setq path (directory-file-name path))
  (if (or target
          (not (string= (car load-path) (directory-file-name (car load-path)))))
    (setq path (file-name-as-directory path)))
  (setq path (expand-file-name path lispdir))
  (setq startupdir (file-name-directory (expand-file-name startup lispdir)))
  (prin1-to-string
    (if (or (string-match "\`\.\."
              (setq relname (file-relative-name startupdir lispdir)))
            (file-name-absolute-p relname)
	    (string-match "\`\.\."
              (setq relname (file-relative-name path lispdir)))
 	    (file-name-absolute-p relname))
	  (concat path target)
	(cond (target
	       `(expand-file-name
                   ,(file-relative-name (concat path target) startupdir)
	           (file-name-directory load-file-name)))
              ((string= path startupdir)
	         '(file-name-directory load-file-name))
	      ((string= path (directory-file-name startupdir))
                 '(directory-file-name (file-name-directory load-file-name)))
              (t
	       `(expand-file-name
                   ,(file-relative-name path startupdir)
	           (file-name-directory load-file-name))))))))) (write-region (if (stringp x) x (prin1-to-string x)) nil "./conftest-43346")) /Users/stevechallis/.emacs.d/el-get/auctex/auctex /Users/stevechallis/.emacs.d/el-get/auctex /Users/stevechallis/.emacs.d/el-get/auctex/tex-site.el
Wrote /Users/stevechallis/.emacs.d/el-get/auctex/conftest-43346
=> (expand-file-name "auctex" (file-name-directory load-file-name))
configure:2507: result: /Users/stevechallis/.emacs.d/el-get/auctex/auctex
configure:2510: checking where the data files go
/Applications/Emacs.app/Contents/MacOS/Emacs -batch -no-site-file -eval (let* ((path(pop command-line-args-left)) (lispdir(pop command-line-args-left)) (startup(pop command-line-args-left)) (target(pop command-line-args-left))(x (progn (setq path (directory-file-name path))
  (if (or target
          (not (string= (car load-path) (directory-file-name (car load-path)))))
    (setq path (file-name-as-directory path)))
  (setq path (expand-file-name path lispdir))
  (setq startupdir (file-name-directory (expand-file-name startup lispdir)))
  (prin1-to-string
    (if (or (string-match "\`\.\."
              (setq relname (file-relative-name startupdir lispdir)))
            (file-name-absolute-p relname)
	    (string-match "\`\.\."
              (setq relname (file-relative-name path lispdir)))
 	    (file-name-absolute-p relname))
	  (concat path target)
	(cond (target
	       `(expand-file-name
                   ,(file-relative-name (concat path target) startupdir)
	           (file-name-directory load-file-name)))
              ((string= path startupdir)
	         '(file-name-directory load-file-name))
	      ((string= path (directory-file-name startupdir))
                 '(directory-file-name (file-name-directory load-file-name)))
              (t
	       `(expand-file-name
                   ,(file-relative-name path startupdir)
	           (file-name-directory load-file-name))))))))) (write-region (if (stringp x) x (prin1-to-string x)) nil "./conftest-43346")) /Users/stevechallis/.emacs.d/el-get/auctex/auctex /Users/stevechallis/.emacs.d/el-get/auctex /Users/stevechallis/.emacs.d/el-get/auctex/tex-site.el
Wrote /Users/stevechallis/.emacs.d/el-get/auctex/conftest-43346
=> (expand-file-name "auctex" (file-name-directory load-file-name))
configure:2591: result: /Users/stevechallis/.emacs.d/el-get/auctex/auctex
/Applications/Emacs.app/Contents/MacOS/Emacs -batch -no-site-file -eval (let* ((path(pop command-line-args-left)) (lispdir(pop command-line-args-left)) (startup(pop command-line-args-left)) (target(pop command-line-args-left))(x (progn (setq path (directory-file-name path))
  (if (or target
          (not (string= (car load-path) (directory-file-name (car load-path)))))
    (setq path (file-name-as-directory path)))
  (setq path (expand-file-name path lispdir))
  (setq startupdir (file-name-directory (expand-file-name startup lispdir)))
  (prin1-to-string
    (if (or (string-match "\`\.\."
              (setq relname (file-relative-name startupdir lispdir)))
            (file-name-absolute-p relname)
	    (string-match "\`\.\."
              (setq relname (file-relative-name path lispdir)))
 	    (file-name-absolute-p relname))
	  (concat path target)
	(cond (target
	       `(expand-file-name
                   ,(file-relative-name (concat path target) startupdir)
	           (file-name-directory load-file-name)))
              ((string= path startupdir)
	         '(file-name-directory load-file-name))
	      ((string= path (directory-file-name startupdir))
                 '(directory-file-name (file-name-directory load-file-name)))
              (t
	       `(expand-file-name
                   ,(file-relative-name path startupdir)
	           (file-name-directory load-file-name))))))))) (write-region (if (stringp x) x (prin1-to-string x)) nil "./conftest-43346"))  /Users/stevechallis/.emacs.d/el-get/auctex /Users/stevechallis/.emacs.d/el-get/auctex/auctex.el tex-site.el
Wrote /Users/stevechallis/.emacs.d/el-get/auctex/conftest-43346
=> (expand-file-name "tex-site.el" (file-name-directory load-file-name))
configure:2668: checking where the info files go
configure:2670: result: ${datarootdir}/info
configure:2681: checking where automatically generated global style hooks go
configure:2691: result: ${localstatedir}/auctex
/Applications/Emacs.app/Contents/MacOS/Emacs -batch -no-site-file -eval (let* ((path(pop command-line-args-left)) (lispdir(pop command-line-args-left)) (startup(pop command-line-args-left)) (target(pop command-line-args-left))(x (progn (setq path (directory-file-name path))
  (if (or target
          (not (string= (car load-path) (directory-file-name (car load-path)))))
    (setq path (file-name-as-directory path)))
  (setq path (expand-file-name path lispdir))
  (setq startupdir (file-name-directory (expand-file-name startup lispdir)))
  (prin1-to-string
    (if (or (string-match "\`\.\."
              (setq relname (file-relative-name startupdir lispdir)))
            (file-name-absolute-p relname)
	    (string-match "\`\.\."
              (setq relname (file-relative-name path lispdir)))
 	    (file-name-absolute-p relname))
	  (concat path target)
	(cond (target
	       `(expand-file-name
                   ,(file-relative-name (concat path target) startupdir)
	           (file-name-directory load-file-name)))
              ((string= path startupdir)
	         '(file-name-directory load-file-name))
	      ((string= path (directory-file-name startupdir))
                 '(directory-file-name (file-name-directory load-file-name)))
              (t
	       `(expand-file-name
                   ,(file-relative-name path startupdir)
	           (file-name-directory load-file-name))))))))) (write-region (if (stringp x) x (prin1-to-string x)) nil "./conftest-43346")) /usr/local/var/auctex /Users/stevechallis/.emacs.d/el-get/auctex /Users/stevechallis/.emacs.d/el-get/auctex/tex-site.el
Wrote /Users/stevechallis/.emacs.d/el-get/auctex/conftest-43346
=> "/usr/local/var/auctex"
configure:2771: checking for tex
configure:2789: found /opt/local/bin/tex
configure:2802: result: /opt/local/bin/tex
configure:2812: checking for pdftex
configure:2830: found /opt/local/bin/pdftex
configure:2843: result: /opt/local/bin/pdftex
configure:2853: checking for dvips
configure:2871: found /opt/local/bin/dvips
configure:2884: result: /opt/local/bin/dvips
configure:2899: checking for perl
configure:2917: found /opt/local/bin/perl
configure:2930: result: /opt/local/bin/perl
configure:2944: checking for makeinfo
configure:2962: found /opt/local/bin/makeinfo
configure:2975: result: /opt/local/bin/makeinfo
configure:2985: checking for texi2html
configure:3003: found /opt/local/bin/texi2html
configure:3016: result: /opt/local/bin/texi2html
configure:3026: checking for texi2dvi
configure:3044: found /opt/local/bin/texi2dvi
configure:3057: result: /opt/local/bin/texi2dvi
configure:3067: checking for texi2pdf
configure:3085: found /opt/local/bin/texi2pdf
configure:3098: result: /opt/local/bin/texi2pdf
configure:3113: checking for install-info
configure:3131: found /opt/local/bin/install-info
configure:3144: result: /opt/local/bin/install-info
configure:3397: creating ./config.status

## ---------------------- ##
## Running config.status. ##
## ---------------------- ##

This file was extended by auctex config.status 11.86, which was
generated by GNU Autoconf 2.61.  Invocation command line was

  CONFIG_FILES    = 
  CONFIG_HEADERS  = 
  CONFIG_LINKS    = 
  CONFIG_COMMANDS = 
  $ ./config.status 

on Steve-MBP.local

config.status:603: creating Makefile
config.status:603: creating tex-site.el.out
config.status:603: creating doc/Makefile
config.status:603: creating auctex.el
configure:4370: === configuring in preview (/Users/stevechallis/.emacs.d/el-get/auctex/preview)
configure:4473: running /bin/sh ./configure '--prefix=/usr/local'  '--with-lispdir=/Users/stevechallis/.emacs.d/el-get/auctex' '--with-emacs=/Applications/Emacs.app/Contents/MacOS/Emacs' --cache-file=/dev/null --srcdir=.

## ---------------- ##
## Cache variables. ##
## ---------------- ##

ac_cv_env_INSTALL_INFO_set=
ac_cv_env_INSTALL_INFO_value=
ac_cv_env_MAKEINFO_set=
ac_cv_env_MAKEINFO_value=
ac_cv_env_PERL_set=
ac_cv_env_PERL_value=
ac_cv_env_build_alias_set=
ac_cv_env_build_alias_value=
ac_cv_env_host_alias_set=
ac_cv_env_host_alias_value=
ac_cv_env_target_alias_set=
ac_cv_env_target_alias_value=
ac_cv_path_DVIPS=/opt/local/bin/dvips
ac_cv_path_EMACS=/Applications/Emacs.app/Contents/MacOS/Emacs
ac_cv_path_INSTALL_INFO=/opt/local/bin/install-info
ac_cv_path_MAKEINFO=/opt/local/bin/makeinfo
ac_cv_path_PDFTEX=/opt/local/bin/pdftex
ac_cv_path_PERL=/opt/local/bin/perl
ac_cv_path_TEX=/opt/local/bin/tex
ac_cv_path_TEXI2DVI=/opt/local/bin/texi2dvi
ac_cv_path_TEXI2HTML=/opt/local/bin/texi2html
ac_cv_path_TEXI2PDF=/opt/local/bin/texi2pdf
ac_cv_path_install='/opt/local/bin/ginstall -c'
ac_cv_prog_MAKECMD=make
ac_cv_prog_make_make_set=yes

## ----------------- ##
## Output variables. ##
## ----------------- ##

AUCTEXDATE='2011-06-19'
AUCTEXVERSION='2011-06-19'
DEFS='-DPACKAGE_NAME=\"auctex\" -DPACKAGE_TARNAME=\"auctex\" -DPACKAGE_VERSION=\"11.86\" -DPACKAGE_STRING=\"auctex\ 11.86\" -DPACKAGE_BUGREPORT=\"bug-auctex@gnu.org\"'
DVIPS='/opt/local/bin/dvips'
ECHO_C='ECHO_N=''
ECHO_T=''
EMACS='/Applications/Emacs.app/Contents/MacOS/Emacs'
EMACS_FLAVOR='emacs'
HAVE_mule='yes'
INSTALL_DATA='${INSTALL} -m 644'
INSTALL_INFO='/opt/local/bin/install-info'
INSTALL_PROGRAM='${INSTALL}'
INSTALL_SCRIPT='${INSTALL}'
LIBOBJS=''
LIBS=''
LTLIBOBJS=''
MAKECMD='make'
MAKEINFO='/opt/local/bin/makeinfo'
MULEELC='tex-jp.elc'
MULESRC='tex-jp.el'
PACKAGE_BUGREPORT='bug-auctex@gnu.org'
PACKAGE_NAME='auctex'
PACKAGE_STRING='auctex 11.86'
PACKAGE_TARNAME='auctex'
PACKAGE_VERSION='11.86'
PATH_SEPARATOR=':'
PDFTEX='/opt/local/bin/pdftex'
PERL='/opt/local/bin/perl'
SET_MAKE=''
SHELL='/bin/sh'
TEX='/opt/local/bin/tex'
TEXI2DVI='/opt/local/bin/texi2dvi'
TEXI2HTML='/opt/local/bin/texi2html'
TEXI2PDF='/opt/local/bin/texi2pdf'
XEMACS='no'
auctexstartfile='/Users/stevechallis/.emacs.d/el-get/auctex/auctex.el'
autodir='${localstatedir}/auctex'
bindir='${exec_prefix}/bin'
build_alias=''
datadir='${datarootdir}'
datarootdir='${prefix}/share'
docdir='${datarootdir}/doc/${PACKAGE_TARNAME}'
dvidir='${docdir}'
exec_prefix='${prefix}'
host_alias=''
htmldir='${docdir}'
includedir='${prefix}/include'
infodir='${datarootdir}/info'
libdir='${exec_prefix}/lib'
libexecdir='${exec_prefix}/libexec'
lispautodir='"/usr/local/var/auctex"'
lispdir='/Users/stevechallis/.emacs.d/el-get/auctex'
lisppackagedatadir='(expand-file-name "auctex" (file-name-directory load-file-name))'
lisppackagelispdir='(expand-file-name "auctex" (file-name-directory load-file-name))'
lisptexsite='(expand-file-name "tex-site.el" (file-name-directory load-file-name))'
localedir='${datarootdir}/locale'
localstatedir='${prefix}/var'
mandir='${datarootdir}/man'
oldincludedir='/usr/include'
packagedatadir='/Users/stevechallis/.emacs.d/el-get/auctex/auctex'
packagedir='no'
packagelispdir='/Users/stevechallis/.emacs.d/el-get/auctex/auctex'
pdfdir='${docdir}'
prefix='/usr/local'
preview_enabled='yes'
program_transform_name='s,x,x,'
psdir='${docdir}'
sbindir='${exec_prefix}/sbin'
sharedstatedir='${prefix}/com'
subdirs=' preview'
sysconfdir='${prefix}/etc'
target_alias=''
texsite=''

## ----------- ##
## confdefs.h. ##
## ----------- ##

#define PACKAGE_NAME "auctex"
#define PACKAGE_TARNAME "auctex"
#define PACKAGE_VERSION "11.86"
#define PACKAGE_STRING "auctex 11.86"
#define PACKAGE_BUGREPORT "bug-auctex@gnu.org"

configure: exit 0
